<?xml version="1.0" encoding="UTF-8"?>
<testsuite xmlns:xsi="http://www.w3.org/2001/XMLSchema-instance" xsi:noNamespaceSchemaLocation="https://maven.apache.org/surefire/maven-surefire-plugin/xsd/surefire-test-report.xsd" name="io.helidon.examples.sockshop.carts.DefaultCartRepositoryTest" time="0.016" tests="4" errors="0" skipped="0" failures="0">
  <properties>
    <property name="java.specification.version" value="18"/>
    <property name="sun.jnu.encoding" value="UTF-8"/>
    <property name="java.class.path" value="/Users/anand.rai@konghq.com/go/src/github.com/packtpublishing/bootstrap-service-mesh-implementations-with-istio/newcart/carts/carts-core/target/test-classes:/Users/anand.rai@konghq.com/go/src/github.com/packtpublishing/bootstrap-service-mesh-implementations-with-istio/newcart/carts/carts-core/target/classes:/Users/anand.rai@konghq.com/.m2/repository/io/helidon/microprofile/bundles/helidon-microprofile/2.2.0/helidon-microprofile-2.2.0.jar:/Users/anand.rai@konghq.com/.m2/repository/io/helidon/microprofile/bundles/helidon-microprofile-core/2.2.0/helidon-microprofile-core-2.2.0.jar:/Users/anand.rai@konghq.com/.m2/repository/io/helidon/microprofile/server/helidon-microprofile-server/2.2.0/helidon-microprofile-server-2.2.0.jar:/Users/anand.rai@konghq.com/.m2/repository/io/helidon/microprofile/cdi/helidon-microprofile-cdi/2.2.0/helidon-microprofile-cdi-2.2.0.jar:/Users/anand.rai@konghq.com/.m2/repository/io/helidon/microprofile/weld/weld-se-core/2.2.0/weld-se-core-2.2.0.jar:/Users/anand.rai@konghq.com/.m2/repository/io/helidon/microprofile/weld/weld-core-impl/2.2.0/weld-core-impl-2.2.0.jar:/Users/anand.rai@konghq.com/.m2/repository/org/jboss/weld/environment/weld-environment-common/3.1.4.Final/weld-environment-common-3.1.4.Final.jar:/Users/anand.rai@konghq.com/.m2/repository/org/jboss/weld/weld-api/3.1.SP2/weld-api-3.1.SP2.jar:/Users/anand.rai@konghq.com/.m2/repository/org/jboss/weld/weld-spi/3.1.SP2/weld-spi-3.1.SP2.jar:/Users/anand.rai@konghq.com/.m2/repository/org/jboss/classfilewriter/jboss-classfilewriter/1.2.4.Final/jboss-classfilewriter-1.2.4.Final.jar:/Users/anand.rai@konghq.com/.m2/repository/io/helidon/webserver/helidon-webserver/2.2.0/helidon-webserver-2.2.0.jar:/Users/anand.rai@konghq.com/.m2/repository/io/helidon/common/helidon-common-http/2.2.0/helidon-common-http-2.2.0.jar:/Users/anand.rai@konghq.com/.m2/repository/io/helidon/media/helidon-media-common/2.2.0/helidon-media-common-2.2.0.jar:/Users/anand.rai@konghq.com/.m2/repository/io/netty/netty-codec-http/4.1.51.Final/netty-codec-http-4.1.51.Final.jar:/Users/anand.rai@konghq.com/.m2/repository/io/netty/netty-common/4.1.51.Final/netty-common-4.1.51.Final.jar:/Users/anand.rai@konghq.com/.m2/repository/io/netty/netty-buffer/4.1.51.Final/netty-buffer-4.1.51.Final.jar:/Users/anand.rai@konghq.com/.m2/repository/io/netty/netty-transport/4.1.51.Final/netty-transport-4.1.51.Final.jar:/Users/anand.rai@konghq.com/.m2/repository/io/netty/netty-codec/4.1.51.Final/netty-codec-4.1.51.Final.jar:/Users/anand.rai@konghq.com/.m2/repository/io/netty/netty-codec-http2/4.1.51.Final/netty-codec-http2-4.1.51.Final.jar:/Users/anand.rai@konghq.com/.m2/repository/io/netty/netty-handler/4.1.51.Final/netty-handler-4.1.51.Final.jar:/Users/anand.rai@konghq.com/.m2/repository/io/netty/netty-resolver/4.1.51.Final/netty-resolver-4.1.51.Final.jar:/Users/anand.rai@konghq.com/.m2/repository/io/helidon/webserver/helidon-webserver-jersey/2.2.0/helidon-webserver-jersey-2.2.0.jar:/Users/anand.rai@konghq.com/.m2/repository/io/helidon/jersey/helidon-jersey-server/2.2.0/helidon-jersey-server-2.2.0.jar:/Users/anand.rai@konghq.com/.m2/repository/org/glassfish/jersey/core/jersey-server/2.32/jersey-server-2.32.jar:/Users/anand.rai@konghq.com/.m2/repository/jakarta/validation/jakarta.validation-api/2.0.2/jakarta.validation-api-2.0.2.jar:/Users/anand.rai@konghq.com/.m2/repository/jakarta/interceptor/jakarta.interceptor-api/1.2.5/jakarta.interceptor-api-1.2.5.jar:/Users/anand.rai@konghq.com/.m2/repository/jakarta/enterprise/jakarta.enterprise.cdi-api/2.0.2/jakarta.enterprise.cdi-api-2.0.2.jar:/Users/anand.rai@konghq.com/.m2/repository/jakarta/el/jakarta.el-api/3.0.3/jakarta.el-api-3.0.3.jar:/Users/anand.rai@konghq.com/.m2/repository/io/helidon/media/helidon-media-jsonp/2.2.0/helidon-media-jsonp-2.2.0.jar:/Users/anand.rai@konghq.com/.m2/repository/org/glassfish/jersey/ext/cdi/jersey-weld2-se/2.32/jersey-weld2-se-2.32.jar:/Users/anand.rai@konghq.com/.m2/repository/org/glassfish/jersey/ext/cdi/jersey-cdi1x/2.32/jersey-cdi1x-2.32.jar:/Users/anand.rai@konghq.com/.m2/repository/io/helidon/jersey/helidon-jersey-media-jsonp/2.2.0/helidon-jersey-media-jsonp-2.2.0.jar:/Users/anand.rai@konghq.com/.m2/repository/org/glassfish/jersey/media/jersey-media-json-processing/2.32/jersey-media-json-processing-2.32.jar:/Users/anand.rai@konghq.com/.m2/repository/org/glassfish/jsonp-jaxrs/1.1.6/jsonp-jaxrs-1.1.6.jar:/Users/anand.rai@konghq.com/.m2/repository/io/helidon/microprofile/config/helidon-microprofile-config/2.2.0/helidon-microprofile-config-2.2.0.jar:/Users/anand.rai@konghq.com/.m2/repository/io/helidon/config/helidon-config-mp/2.2.0/helidon-config-mp-2.2.0.jar:/Users/anand.rai@konghq.com/.m2/repository/io/helidon/config/helidon-config-yaml/2.2.0/helidon-config-yaml-2.2.0.jar:/Users/anand.rai@konghq.com/.m2/repository/org/yaml/snakeyaml/1.27/snakeyaml-1.27.jar:/Users/anand.rai@konghq.com/.m2/repository/io/helidon/config/helidon-config-encryption/2.2.0/helidon-config-encryption-2.2.0.jar:/Users/anand.rai@konghq.com/.m2/repository/io/helidon/common/helidon-common-key-util/2.2.0/helidon-common-key-util-2.2.0.jar:/Users/anand.rai@konghq.com/.m2/repository/io/helidon/config/helidon-config-object-mapping/2.2.0/helidon-config-object-mapping-2.2.0.jar:/Users/anand.rai@konghq.com/.m2/repository/io/helidon/microprofile/health/helidon-microprofile-health/2.2.0/helidon-microprofile-health-2.2.0.jar:/Users/anand.rai@konghq.com/.m2/repository/io/helidon/health/helidon-health/2.2.0/helidon-health-2.2.0.jar:/Users/anand.rai@konghq.com/.m2/repository/io/helidon/webserver/helidon-webserver-cors/2.2.0/helidon-webserver-cors-2.2.0.jar:/Users/anand.rai@konghq.com/.m2/repository/org/eclipse/microprofile/config/microprofile-config-api/1.4/microprofile-config-api-1.4.jar:/Users/anand.rai@konghq.com/.m2/repository/org/eclipse/microprofile/health/microprofile-health-api/2.2/microprofile-health-api-2.2.jar:/Users/anand.rai@konghq.com/.m2/repository/io/helidon/health/helidon-health-common/2.2.0/helidon-health-common-2.2.0.jar:/Users/anand.rai@konghq.com/.m2/repository/io/helidon/health/helidon-health-checks/2.2.0/helidon-health-checks-2.2.0.jar:/Users/anand.rai@konghq.com/.m2/repository/io/helidon/microprofile/metrics/helidon-microprofile-metrics/2.2.0/helidon-microprofile-metrics-2.2.0.jar:/Users/anand.rai@konghq.com/.m2/repository/io/helidon/metrics/helidon-metrics/2.2.0/helidon-metrics-2.2.0.jar:/Users/anand.rai@konghq.com/.m2/repository/org/eclipse/microprofile/metrics/microprofile-metrics-api/2.3.2/microprofile-metrics-api-2.3.2.jar:/Users/anand.rai@konghq.com/.m2/repository/io/helidon/microprofile/helidon-microprofile-fault-tolerance/2.2.0/helidon-microprofile-fault-tolerance-2.2.0.jar:/Users/anand.rai@konghq.com/.m2/repository/org/eclipse/microprofile/fault-tolerance/microprofile-fault-tolerance-api/2.1.1/microprofile-fault-tolerance-api-2.1.1.jar:/Users/anand.rai@konghq.com/.m2/repository/io/helidon/fault-tolerance/helidon-fault-tolerance/2.2.0/helidon-fault-tolerance-2.2.0.jar:/Users/anand.rai@konghq.com/.m2/repository/io/helidon/common/helidon-common-configurable/2.2.0/helidon-common-configurable-2.2.0.jar:/Users/anand.rai@konghq.com/.m2/repository/io/helidon/microprofile/jwt/helidon-microprofile-jwt-auth/2.2.0/helidon-microprofile-jwt-auth-2.2.0.jar:/Users/anand.rai@konghq.com/.m2/repository/org/eclipse/microprofile/jwt/microprofile-jwt-auth-api/1.1.1/microprofile-jwt-auth-api-1.1.1.jar:/Users/anand.rai@konghq.com/.m2/repository/io/helidon/security/helidon-security-jwt/2.2.0/helidon-security-jwt-2.2.0.jar:/Users/anand.rai@konghq.com/.m2/repository/io/helidon/security/helidon-security-util/2.2.0/helidon-security-util-2.2.0.jar:/Users/anand.rai@konghq.com/.m2/repository/io/helidon/security/helidon-security/2.2.0/helidon-security-2.2.0.jar:/Users/anand.rai@konghq.com/.m2/repository/io/helidon/security/integration/helidon-security-integration-jersey/2.2.0/helidon-security-integration-jersey-2.2.0.jar:/Users/anand.rai@konghq.com/.m2/repository/io/helidon/security/helidon-security-annotations/2.2.0/helidon-security-annotations-2.2.0.jar:/Users/anand.rai@konghq.com/.m2/repository/io/helidon/microprofile/helidon-microprofile-security/2.2.0/helidon-microprofile-security-2.2.0.jar:/Users/anand.rai@konghq.com/.m2/repository/io/helidon/bundles/helidon-bundles-security/2.2.0/helidon-bundles-security-2.2.0.jar:/Users/anand.rai@konghq.com/.m2/repository/io/helidon/security/providers/helidon-security-providers-header/2.2.0/helidon-security-providers-header-2.2.0.jar:/Users/anand.rai@konghq.com/.m2/repository/io/helidon/security/providers/helidon-security-providers-http-auth/2.2.0/helidon-security-providers-http-auth-2.2.0.jar:/Users/anand.rai@konghq.com/.m2/repository/io/helidon/security/providers/helidon-security-providers-http-sign/2.2.0/helidon-security-providers-http-sign-2.2.0.jar:/Users/anand.rai@konghq.com/.m2/repository/io/helidon/security/providers/helidon-security-providers-jwt/2.2.0/helidon-security-providers-jwt-2.2.0.jar:/Users/anand.rai@konghq.com/.m2/repository/io/helidon/security/providers/helidon-security-providers-abac/2.2.0/helidon-security-providers-abac-2.2.0.jar:/Users/anand.rai@konghq.com/.m2/repository/io/helidon/security/providers/helidon-security-providers-oidc/2.2.0/helidon-security-providers-oidc-2.2.0.jar:/Users/anand.rai@konghq.com/.m2/repository/io/helidon/security/providers/helidon-security-providers-oidc-common/2.2.0/helidon-security-providers-oidc-common-2.2.0.jar:/Users/anand.rai@konghq.com/.m2/repository/io/helidon/security/abac/helidon-security-abac-time/2.2.0/helidon-security-abac-time-2.2.0.jar:/Users/anand.rai@konghq.com/.m2/repository/io/helidon/security/abac/helidon-security-abac-role/2.2.0/helidon-security-abac-role-2.2.0.jar:/Users/anand.rai@konghq.com/.m2/repository/io/helidon/security/abac/helidon-security-abac-scope/2.2.0/helidon-security-abac-scope-2.2.0.jar:/Users/anand.rai@konghq.com/.m2/repository/io/helidon/security/abac/helidon-security-abac-policy/2.2.0/helidon-security-abac-policy-2.2.0.jar:/Users/anand.rai@konghq.com/.m2/repository/io/helidon/security/integration/helidon-security-integration-webserver/2.2.0/helidon-security-integration-webserver-2.2.0.jar:/Users/anand.rai@konghq.com/.m2/repository/io/helidon/security/providers/helidon-security-providers-common/2.2.0/helidon-security-providers-common-2.2.0.jar:/Users/anand.rai@konghq.com/.m2/repository/io/helidon/security/integration/helidon-security-integration-jersey-client/2.2.0/helidon-security-integration-jersey-client-2.2.0.jar:/Users/anand.rai@konghq.com/.m2/repository/io/helidon/security/integration/helidon-security-integration-common/2.2.0/helidon-security-integration-common-2.2.0.jar:/Users/anand.rai@konghq.com/.m2/repository/io/helidon/tracing/helidon-tracing-config/2.2.0/helidon-tracing-config-2.2.0.jar:/Users/anand.rai@konghq.com/.m2/repository/io/helidon/jersey/helidon-jersey-common/2.2.0/helidon-jersey-common-2.2.0.jar:/Users/anand.rai@konghq.com/.m2/repository/io/helidon/webclient/helidon-webclient-jaxrs/2.2.0/helidon-webclient-jaxrs-2.2.0.jar:/Users/anand.rai@konghq.com/.m2/repository/io/helidon/microprofile/openapi/helidon-microprofile-openapi/2.2.0/helidon-microprofile-openapi-2.2.0.jar:/Users/anand.rai@konghq.com/.m2/repository/io/helidon/openapi/helidon-openapi/2.2.0/helidon-openapi-2.2.0.jar:/Users/anand.rai@konghq.com/.m2/repository/io/smallrye/smallrye-open-api/1.2.0/smallrye-open-api-1.2.0.jar:/Users/anand.rai@konghq.com/.m2/repository/org/jboss/logging/jboss-logging/3.2.1.Final/jboss-logging-3.2.1.Final.jar:/Users/anand.rai@konghq.com/.m2/repository/org/jboss/jandex/2.1.1.Final/jandex-2.1.1.Final.jar:/Users/anand.rai@konghq.com/.m2/repository/org/eclipse/microprofile/openapi/microprofile-openapi-api/1.1.2/microprofile-openapi-api-1.1.2.jar:/Users/anand.rai@konghq.com/.m2/repository/io/helidon/microprofile/rest-client/helidon-microprofile-rest-client/2.2.0/helidon-microprofile-rest-client-2.2.0.jar:/Users/anand.rai@konghq.com/.m2/repository/io/helidon/common/helidon-common-context/2.2.0/helidon-common-context-2.2.0.jar:/Users/anand.rai@konghq.com/.m2/repository/io/helidon/jersey/helidon-jersey-client/2.2.0/helidon-jersey-client-2.2.0.jar:/Users/anand.rai@konghq.com/.m2/repository/org/glassfish/jersey/core/jersey-client/2.32/jersey-client-2.32.jar:/Users/anand.rai@konghq.com/.m2/repository/org/glassfish/jersey/inject/jersey-hk2/2.32/jersey-hk2-2.32.jar:/Users/anand.rai@konghq.com/.m2/repository/org/glassfish/hk2/hk2-locator/2.6.1/hk2-locator-2.6.1.jar:/Users/anand.rai@konghq.com/.m2/repository/org/glassfish/hk2/external/aopalliance-repackaged/2.6.1/aopalliance-repackaged-2.6.1.jar:/Users/anand.rai@konghq.com/.m2/repository/org/glassfish/hk2/hk2-api/2.6.1/hk2-api-2.6.1.jar:/Users/anand.rai@konghq.com/.m2/repository/org/glassfish/hk2/hk2-utils/2.6.1/hk2-utils-2.6.1.jar:/Users/anand.rai@konghq.com/.m2/repository/org/javassist/javassist/3.25.0-GA/javassist-3.25.0-GA.jar:/Users/anand.rai@konghq.com/.m2/repository/jakarta/inject/jakarta.inject-api/1.0/jakarta.inject-api-1.0.jar:/Users/anand.rai@konghq.com/.m2/repository/org/glassfish/jersey/ext/microprofile/jersey-mp-rest-client/2.32/jersey-mp-rest-client-2.32.jar:/Users/anand.rai@konghq.com/.m2/repository/io/helidon/microprofile/tracing/helidon-microprofile-tracing/2.2.0/helidon-microprofile-tracing-2.2.0.jar:/Users/anand.rai@konghq.com/.m2/repository/io/helidon/tracing/helidon-tracing-jersey/2.2.0/helidon-tracing-jersey-2.2.0.jar:/Users/anand.rai@konghq.com/.m2/repository/io/helidon/tracing/helidon-tracing-jersey-client/2.2.0/helidon-tracing-jersey-client-2.2.0.jar:/Users/anand.rai@konghq.com/.m2/repository/org/eclipse/microprofile/opentracing/microprofile-opentracing-api/1.3.3/microprofile-opentracing-api-1.3.3.jar:/Users/anand.rai@konghq.com/.m2/repository/io/helidon/tracing/helidon-tracing-tracer-resolver/2.2.0/helidon-tracing-tracer-resolver-2.2.0.jar:/Users/anand.rai@konghq.com/.m2/repository/io/opentracing/contrib/opentracing-tracerresolver/0.1.8/opentracing-tracerresolver-0.1.8.jar:/Users/anand.rai@konghq.com/.m2/repository/org/eclipse/microprofile/rest/client/microprofile-rest-client-api/1.4.1/microprofile-rest-client-api-1.4.1.jar:/Users/anand.rai@konghq.com/.m2/repository/jakarta/json/bind/jakarta.json.bind-api/1.0.2/jakarta.json.bind-api-1.0.2.jar:/Users/anand.rai@konghq.com/.m2/repository/org/eclipse/yasson/1.0.8/yasson-1.0.8.jar:/Users/anand.rai@konghq.com/.m2/repository/org/glassfish/jakarta.json/1.1.6/jakarta.json-1.1.6-module.jar:/Users/anand.rai@konghq.com/.m2/repository/io/helidon/tracing/helidon-tracing-jaeger/2.2.0/helidon-tracing-jaeger-2.2.0.jar:/Users/anand.rai@konghq.com/.m2/repository/io/jaegertracing/jaeger-client/1.1.0/jaeger-client-1.1.0.jar:/Users/anand.rai@konghq.com/.m2/repository/io/jaegertracing/jaeger-thrift/1.1.0/jaeger-thrift-1.1.0.jar:/Users/anand.rai@konghq.com/.m2/repository/org/apache/thrift/libthrift/0.13.0/libthrift-0.13.0.jar:/Users/anand.rai@konghq.com/.m2/repository/io/jaegertracing/jaeger-core/1.1.0/jaeger-core-1.1.0.jar:/Users/anand.rai@konghq.com/.m2/repository/com/google/code/gson/gson/2.8.6/gson-2.8.6.jar:/Users/anand.rai@konghq.com/.m2/repository/io/jaegertracing/jaeger-tracerresolver/1.1.0/jaeger-tracerresolver-1.1.0.jar:/Users/anand.rai@konghq.com/.m2/repository/com/squareup/okhttp3/okhttp/3.14.1/okhttp-3.14.1.jar:/Users/anand.rai@konghq.com/.m2/repository/com/squareup/okio/okio/1.17.2/okio-1.17.2.jar:/Users/anand.rai@konghq.com/.m2/repository/io/helidon/common/helidon-common/2.2.0/helidon-common-2.2.0.jar:/Users/anand.rai@konghq.com/.m2/repository/io/helidon/config/helidon-config/2.2.0/helidon-config-2.2.0.jar:/Users/anand.rai@konghq.com/.m2/repository/jakarta/annotation/jakarta.annotation-api/1.3.5/jakarta.annotation-api-1.3.5.jar:/Users/anand.rai@konghq.com/.m2/repository/io/helidon/common/helidon-common-reactive/2.2.0/helidon-common-reactive-2.2.0.jar:/Users/anand.rai@konghq.com/.m2/repository/io/helidon/common/helidon-common-mapper/2.2.0/helidon-common-mapper-2.2.0.jar:/Users/anand.rai@konghq.com/.m2/repository/io/helidon/common/helidon-common-media-type/2.2.0/helidon-common-media-type-2.2.0.jar:/Users/anand.rai@konghq.com/.m2/repository/io/helidon/tracing/helidon-tracing/2.2.0/helidon-tracing-2.2.0.jar:/Users/anand.rai@konghq.com/.m2/repository/io/helidon/common/helidon-common-service-loader/2.2.0/helidon-common-service-loader-2.2.0.jar:/Users/anand.rai@konghq.com/.m2/repository/io/opentracing/opentracing-util/0.33.0/opentracing-util-0.33.0.jar:/Users/anand.rai@konghq.com/.m2/repository/io/opentracing/opentracing-api/0.33.0/opentracing-api-0.33.0.jar:/Users/anand.rai@konghq.com/.m2/repository/io/opentracing/opentracing-noop/0.33.0/opentracing-noop-0.33.0.jar:/Users/anand.rai@konghq.com/.m2/repository/org/slf4j/slf4j-jdk14/1.7.30/slf4j-jdk14-1.7.30.jar:/Users/anand.rai@konghq.com/.m2/repository/org/slf4j/slf4j-api/1.7.30/slf4j-api-1.7.30.jar:/Users/anand.rai@konghq.com/.m2/repository/org/glassfish/jersey/media/jersey-media-json-binding/2.32/jersey-media-json-binding-2.32.jar:/Users/anand.rai@konghq.com/.m2/repository/org/glassfish/jersey/core/jersey-common/2.32/jersey-common-2.32.jar:/Users/anand.rai@konghq.com/.m2/repository/jakarta/ws/rs/jakarta.ws.rs-api/2.1.6/jakarta.ws.rs-api-2.1.6.jar:/Users/anand.rai@konghq.com/.m2/repository/org/glassfish/hk2/osgi-resource-locator/1.0.3/osgi-resource-locator-1.0.3.jar:/Users/anand.rai@konghq.com/.m2/repository/org/glassfish/jakarta.json/1.1.6/jakarta.json-1.1.6.jar:/Users/anand.rai@konghq.com/.m2/repository/org/projectlombok/lombok/1.18.22/lombok-1.18.22.jar:/Users/anand.rai@konghq.com/.m2/repository/jakarta/persistence/jakarta.persistence-api/2.2.3/jakarta.persistence-api-2.2.3.jar:/Users/anand.rai@konghq.com/.m2/repository/org/junit/jupiter/junit-jupiter-api/5.6.2/junit-jupiter-api-5.6.2.jar:/Users/anand.rai@konghq.com/.m2/repository/org/apiguardian/apiguardian-api/1.1.0/apiguardian-api-1.1.0.jar:/Users/anand.rai@konghq.com/.m2/repository/org/opentest4j/opentest4j/1.2.0/opentest4j-1.2.0.jar:/Users/anand.rai@konghq.com/.m2/repository/org/junit/platform/junit-platform-commons/1.6.2/junit-platform-commons-1.6.2.jar:/Users/anand.rai@konghq.com/.m2/repository/org/junit/jupiter/junit-jupiter-engine/5.6.2/junit-jupiter-engine-5.6.2.jar:/Users/anand.rai@konghq.com/.m2/repository/org/junit/platform/junit-platform-engine/1.6.2/junit-platform-engine-1.6.2.jar:/Users/anand.rai@konghq.com/.m2/repository/org/hamcrest/hamcrest/2.2/hamcrest-2.2.jar:/Users/anand.rai@konghq.com/.m2/repository/io/rest-assured/rest-assured/4.3.0/rest-assured-4.3.0.jar:/Users/anand.rai@konghq.com/.m2/repository/org/codehaus/groovy/groovy/3.0.2/groovy-3.0.2.jar:/Users/anand.rai@konghq.com/.m2/repository/org/codehaus/groovy/groovy-xml/3.0.2/groovy-xml-3.0.2.jar:/Users/anand.rai@konghq.com/.m2/repository/org/apache/httpcomponents/httpclient/4.5.13/httpclient-4.5.13.jar:/Users/anand.rai@konghq.com/.m2/repository/org/apache/httpcomponents/httpcore/4.4.13/httpcore-4.4.13.jar:/Users/anand.rai@konghq.com/.m2/repository/commons-logging/commons-logging/1.2/commons-logging-1.2.jar:/Users/anand.rai@konghq.com/.m2/repository/commons-codec/commons-codec/1.11/commons-codec-1.11.jar:/Users/anand.rai@konghq.com/.m2/repository/org/apache/httpcomponents/httpmime/4.5.3/httpmime-4.5.3.jar:/Users/anand.rai@konghq.com/.m2/repository/org/ccil/cowan/tagsoup/tagsoup/1.2.1/tagsoup-1.2.1.jar:/Users/anand.rai@konghq.com/.m2/repository/io/rest-assured/json-path/4.3.0/json-path-4.3.0.jar:/Users/anand.rai@konghq.com/.m2/repository/org/codehaus/groovy/groovy-json/3.0.2/groovy-json-3.0.2.jar:/Users/anand.rai@konghq.com/.m2/repository/io/rest-assured/rest-assured-common/4.3.0/rest-assured-common-4.3.0.jar:/Users/anand.rai@konghq.com/.m2/repository/io/rest-assured/xml-path/4.3.0/xml-path-4.3.0.jar:/Users/anand.rai@konghq.com/.m2/repository/org/apache/commons/commons-lang3/3.4/commons-lang3-3.4.jar:/Users/anand.rai@konghq.com/.m2/repository/jakarta/xml/bind/jakarta.xml.bind-api/2.3.3/jakarta.xml.bind-api-2.3.3.jar:/Users/anand.rai@konghq.com/.m2/repository/jakarta/activation/jakarta.activation-api/1.2.2/jakarta.activation-api-1.2.2.jar:/Users/anand.rai@konghq.com/.m2/repository/com/sun/xml/bind/jaxb-osgi/2.3.0.1/jaxb-osgi-2.3.0.1.jar:/Users/anand.rai@konghq.com/.m2/repository/org/apache/sling/org.apache.sling.javax.activation/0.1.0/org.apache.sling.javax.activation-0.1.0.jar:/Users/anand.rai@konghq.com/.m2/repository/javax/activation/activation/1.1.1/activation-1.1.1.jar:"/>
    <property name="java.vm.vendor" value="Homebrew"/>
    <property name="sun.arch.data.model" value="64"/>
    <property name="java.vendor.url" value="https://github.com/Homebrew/homebrew-core/issues"/>
    <property name="user.timezone" value="Australia/Sydney"/>
    <property name="os.name" value="Mac OS X"/>
    <property name="java.vm.specification.version" value="18"/>
    <property name="sun.java.launcher" value="SUN_STANDARD"/>
    <property name="user.country" value="AU"/>
    <property name="sun.boot.library.path" value="/opt/homebrew/Cellar/openjdk/18.0.2/libexec/openjdk.jdk/Contents/Home/lib"/>
    <property name="sun.java.command" value="/Users/anand.rai@konghq.com/go/src/github.com/packtpublishing/bootstrap-service-mesh-implementations-with-istio/newcart/carts/carts-core/target/surefire/surefirebooter5387630696149037857.jar /Users/anand.rai@konghq.com/go/src/github.com/packtpublishing/bootstrap-service-mesh-implementations-with-istio/newcart/carts/carts-core/target/surefire 2022-07-29T11-06-28_369-jvmRun1 surefire2160142328149346425tmp surefire_02407996026770989303tmp"/>
    <property name="jdk.debug" value="release"/>
    <property name="surefire.test.class.path" value="/Users/anand.rai@konghq.com/go/src/github.com/packtpublishing/bootstrap-service-mesh-implementations-with-istio/newcart/carts/carts-core/target/test-classes:/Users/anand.rai@konghq.com/go/src/github.com/packtpublishing/bootstrap-service-mesh-implementations-with-istio/newcart/carts/carts-core/target/classes:/Users/anand.rai@konghq.com/.m2/repository/io/helidon/microprofile/bundles/helidon-microprofile/2.2.0/helidon-microprofile-2.2.0.jar:/Users/anand.rai@konghq.com/.m2/repository/io/helidon/microprofile/bundles/helidon-microprofile-core/2.2.0/helidon-microprofile-core-2.2.0.jar:/Users/anand.rai@konghq.com/.m2/repository/io/helidon/microprofile/server/helidon-microprofile-server/2.2.0/helidon-microprofile-server-2.2.0.jar:/Users/anand.rai@konghq.com/.m2/repository/io/helidon/microprofile/cdi/helidon-microprofile-cdi/2.2.0/helidon-microprofile-cdi-2.2.0.jar:/Users/anand.rai@konghq.com/.m2/repository/io/helidon/microprofile/weld/weld-se-core/2.2.0/weld-se-core-2.2.0.jar:/Users/anand.rai@konghq.com/.m2/repository/io/helidon/microprofile/weld/weld-core-impl/2.2.0/weld-core-impl-2.2.0.jar:/Users/anand.rai@konghq.com/.m2/repository/org/jboss/weld/environment/weld-environment-common/3.1.4.Final/weld-environment-common-3.1.4.Final.jar:/Users/anand.rai@konghq.com/.m2/repository/org/jboss/weld/weld-api/3.1.SP2/weld-api-3.1.SP2.jar:/Users/anand.rai@konghq.com/.m2/repository/org/jboss/weld/weld-spi/3.1.SP2/weld-spi-3.1.SP2.jar:/Users/anand.rai@konghq.com/.m2/repository/org/jboss/classfilewriter/jboss-classfilewriter/1.2.4.Final/jboss-classfilewriter-1.2.4.Final.jar:/Users/anand.rai@konghq.com/.m2/repository/io/helidon/webserver/helidon-webserver/2.2.0/helidon-webserver-2.2.0.jar:/Users/anand.rai@konghq.com/.m2/repository/io/helidon/common/helidon-common-http/2.2.0/helidon-common-http-2.2.0.jar:/Users/anand.rai@konghq.com/.m2/repository/io/helidon/media/helidon-media-common/2.2.0/helidon-media-common-2.2.0.jar:/Users/anand.rai@konghq.com/.m2/repository/io/netty/netty-codec-http/4.1.51.Final/netty-codec-http-4.1.51.Final.jar:/Users/anand.rai@konghq.com/.m2/repository/io/netty/netty-common/4.1.51.Final/netty-common-4.1.51.Final.jar:/Users/anand.rai@konghq.com/.m2/repository/io/netty/netty-buffer/4.1.51.Final/netty-buffer-4.1.51.Final.jar:/Users/anand.rai@konghq.com/.m2/repository/io/netty/netty-transport/4.1.51.Final/netty-transport-4.1.51.Final.jar:/Users/anand.rai@konghq.com/.m2/repository/io/netty/netty-codec/4.1.51.Final/netty-codec-4.1.51.Final.jar:/Users/anand.rai@konghq.com/.m2/repository/io/netty/netty-codec-http2/4.1.51.Final/netty-codec-http2-4.1.51.Final.jar:/Users/anand.rai@konghq.com/.m2/repository/io/netty/netty-handler/4.1.51.Final/netty-handler-4.1.51.Final.jar:/Users/anand.rai@konghq.com/.m2/repository/io/netty/netty-resolver/4.1.51.Final/netty-resolver-4.1.51.Final.jar:/Users/anand.rai@konghq.com/.m2/repository/io/helidon/webserver/helidon-webserver-jersey/2.2.0/helidon-webserver-jersey-2.2.0.jar:/Users/anand.rai@konghq.com/.m2/repository/io/helidon/jersey/helidon-jersey-server/2.2.0/helidon-jersey-server-2.2.0.jar:/Users/anand.rai@konghq.com/.m2/repository/org/glassfish/jersey/core/jersey-server/2.32/jersey-server-2.32.jar:/Users/anand.rai@konghq.com/.m2/repository/jakarta/validation/jakarta.validation-api/2.0.2/jakarta.validation-api-2.0.2.jar:/Users/anand.rai@konghq.com/.m2/repository/jakarta/interceptor/jakarta.interceptor-api/1.2.5/jakarta.interceptor-api-1.2.5.jar:/Users/anand.rai@konghq.com/.m2/repository/jakarta/enterprise/jakarta.enterprise.cdi-api/2.0.2/jakarta.enterprise.cdi-api-2.0.2.jar:/Users/anand.rai@konghq.com/.m2/repository/jakarta/el/jakarta.el-api/3.0.3/jakarta.el-api-3.0.3.jar:/Users/anand.rai@konghq.com/.m2/repository/io/helidon/media/helidon-media-jsonp/2.2.0/helidon-media-jsonp-2.2.0.jar:/Users/anand.rai@konghq.com/.m2/repository/org/glassfish/jersey/ext/cdi/jersey-weld2-se/2.32/jersey-weld2-se-2.32.jar:/Users/anand.rai@konghq.com/.m2/repository/org/glassfish/jersey/ext/cdi/jersey-cdi1x/2.32/jersey-cdi1x-2.32.jar:/Users/anand.rai@konghq.com/.m2/repository/io/helidon/jersey/helidon-jersey-media-jsonp/2.2.0/helidon-jersey-media-jsonp-2.2.0.jar:/Users/anand.rai@konghq.com/.m2/repository/org/glassfish/jersey/media/jersey-media-json-processing/2.32/jersey-media-json-processing-2.32.jar:/Users/anand.rai@konghq.com/.m2/repository/org/glassfish/jsonp-jaxrs/1.1.6/jsonp-jaxrs-1.1.6.jar:/Users/anand.rai@konghq.com/.m2/repository/io/helidon/microprofile/config/helidon-microprofile-config/2.2.0/helidon-microprofile-config-2.2.0.jar:/Users/anand.rai@konghq.com/.m2/repository/io/helidon/config/helidon-config-mp/2.2.0/helidon-config-mp-2.2.0.jar:/Users/anand.rai@konghq.com/.m2/repository/io/helidon/config/helidon-config-yaml/2.2.0/helidon-config-yaml-2.2.0.jar:/Users/anand.rai@konghq.com/.m2/repository/org/yaml/snakeyaml/1.27/snakeyaml-1.27.jar:/Users/anand.rai@konghq.com/.m2/repository/io/helidon/config/helidon-config-encryption/2.2.0/helidon-config-encryption-2.2.0.jar:/Users/anand.rai@konghq.com/.m2/repository/io/helidon/common/helidon-common-key-util/2.2.0/helidon-common-key-util-2.2.0.jar:/Users/anand.rai@konghq.com/.m2/repository/io/helidon/config/helidon-config-object-mapping/2.2.0/helidon-config-object-mapping-2.2.0.jar:/Users/anand.rai@konghq.com/.m2/repository/io/helidon/microprofile/health/helidon-microprofile-health/2.2.0/helidon-microprofile-health-2.2.0.jar:/Users/anand.rai@konghq.com/.m2/repository/io/helidon/health/helidon-health/2.2.0/helidon-health-2.2.0.jar:/Users/anand.rai@konghq.com/.m2/repository/io/helidon/webserver/helidon-webserver-cors/2.2.0/helidon-webserver-cors-2.2.0.jar:/Users/anand.rai@konghq.com/.m2/repository/org/eclipse/microprofile/config/microprofile-config-api/1.4/microprofile-config-api-1.4.jar:/Users/anand.rai@konghq.com/.m2/repository/org/eclipse/microprofile/health/microprofile-health-api/2.2/microprofile-health-api-2.2.jar:/Users/anand.rai@konghq.com/.m2/repository/io/helidon/health/helidon-health-common/2.2.0/helidon-health-common-2.2.0.jar:/Users/anand.rai@konghq.com/.m2/repository/io/helidon/health/helidon-health-checks/2.2.0/helidon-health-checks-2.2.0.jar:/Users/anand.rai@konghq.com/.m2/repository/io/helidon/microprofile/metrics/helidon-microprofile-metrics/2.2.0/helidon-microprofile-metrics-2.2.0.jar:/Users/anand.rai@konghq.com/.m2/repository/io/helidon/metrics/helidon-metrics/2.2.0/helidon-metrics-2.2.0.jar:/Users/anand.rai@konghq.com/.m2/repository/org/eclipse/microprofile/metrics/microprofile-metrics-api/2.3.2/microprofile-metrics-api-2.3.2.jar:/Users/anand.rai@konghq.com/.m2/repository/io/helidon/microprofile/helidon-microprofile-fault-tolerance/2.2.0/helidon-microprofile-fault-tolerance-2.2.0.jar:/Users/anand.rai@konghq.com/.m2/repository/org/eclipse/microprofile/fault-tolerance/microprofile-fault-tolerance-api/2.1.1/microprofile-fault-tolerance-api-2.1.1.jar:/Users/anand.rai@konghq.com/.m2/repository/io/helidon/fault-tolerance/helidon-fault-tolerance/2.2.0/helidon-fault-tolerance-2.2.0.jar:/Users/anand.rai@konghq.com/.m2/repository/io/helidon/common/helidon-common-configurable/2.2.0/helidon-common-configurable-2.2.0.jar:/Users/anand.rai@konghq.com/.m2/repository/io/helidon/microprofile/jwt/helidon-microprofile-jwt-auth/2.2.0/helidon-microprofile-jwt-auth-2.2.0.jar:/Users/anand.rai@konghq.com/.m2/repository/org/eclipse/microprofile/jwt/microprofile-jwt-auth-api/1.1.1/microprofile-jwt-auth-api-1.1.1.jar:/Users/anand.rai@konghq.com/.m2/repository/io/helidon/security/helidon-security-jwt/2.2.0/helidon-security-jwt-2.2.0.jar:/Users/anand.rai@konghq.com/.m2/repository/io/helidon/security/helidon-security-util/2.2.0/helidon-security-util-2.2.0.jar:/Users/anand.rai@konghq.com/.m2/repository/io/helidon/security/helidon-security/2.2.0/helidon-security-2.2.0.jar:/Users/anand.rai@konghq.com/.m2/repository/io/helidon/security/integration/helidon-security-integration-jersey/2.2.0/helidon-security-integration-jersey-2.2.0.jar:/Users/anand.rai@konghq.com/.m2/repository/io/helidon/security/helidon-security-annotations/2.2.0/helidon-security-annotations-2.2.0.jar:/Users/anand.rai@konghq.com/.m2/repository/io/helidon/microprofile/helidon-microprofile-security/2.2.0/helidon-microprofile-security-2.2.0.jar:/Users/anand.rai@konghq.com/.m2/repository/io/helidon/bundles/helidon-bundles-security/2.2.0/helidon-bundles-security-2.2.0.jar:/Users/anand.rai@konghq.com/.m2/repository/io/helidon/security/providers/helidon-security-providers-header/2.2.0/helidon-security-providers-header-2.2.0.jar:/Users/anand.rai@konghq.com/.m2/repository/io/helidon/security/providers/helidon-security-providers-http-auth/2.2.0/helidon-security-providers-http-auth-2.2.0.jar:/Users/anand.rai@konghq.com/.m2/repository/io/helidon/security/providers/helidon-security-providers-http-sign/2.2.0/helidon-security-providers-http-sign-2.2.0.jar:/Users/anand.rai@konghq.com/.m2/repository/io/helidon/security/providers/helidon-security-providers-jwt/2.2.0/helidon-security-providers-jwt-2.2.0.jar:/Users/anand.rai@konghq.com/.m2/repository/io/helidon/security/providers/helidon-security-providers-abac/2.2.0/helidon-security-providers-abac-2.2.0.jar:/Users/anand.rai@konghq.com/.m2/repository/io/helidon/security/providers/helidon-security-providers-oidc/2.2.0/helidon-security-providers-oidc-2.2.0.jar:/Users/anand.rai@konghq.com/.m2/repository/io/helidon/security/providers/helidon-security-providers-oidc-common/2.2.0/helidon-security-providers-oidc-common-2.2.0.jar:/Users/anand.rai@konghq.com/.m2/repository/io/helidon/security/abac/helidon-security-abac-time/2.2.0/helidon-security-abac-time-2.2.0.jar:/Users/anand.rai@konghq.com/.m2/repository/io/helidon/security/abac/helidon-security-abac-role/2.2.0/helidon-security-abac-role-2.2.0.jar:/Users/anand.rai@konghq.com/.m2/repository/io/helidon/security/abac/helidon-security-abac-scope/2.2.0/helidon-security-abac-scope-2.2.0.jar:/Users/anand.rai@konghq.com/.m2/repository/io/helidon/security/abac/helidon-security-abac-policy/2.2.0/helidon-security-abac-policy-2.2.0.jar:/Users/anand.rai@konghq.com/.m2/repository/io/helidon/security/integration/helidon-security-integration-webserver/2.2.0/helidon-security-integration-webserver-2.2.0.jar:/Users/anand.rai@konghq.com/.m2/repository/io/helidon/security/providers/helidon-security-providers-common/2.2.0/helidon-security-providers-common-2.2.0.jar:/Users/anand.rai@konghq.com/.m2/repository/io/helidon/security/integration/helidon-security-integration-jersey-client/2.2.0/helidon-security-integration-jersey-client-2.2.0.jar:/Users/anand.rai@konghq.com/.m2/repository/io/helidon/security/integration/helidon-security-integration-common/2.2.0/helidon-security-integration-common-2.2.0.jar:/Users/anand.rai@konghq.com/.m2/repository/io/helidon/tracing/helidon-tracing-config/2.2.0/helidon-tracing-config-2.2.0.jar:/Users/anand.rai@konghq.com/.m2/repository/io/helidon/jersey/helidon-jersey-common/2.2.0/helidon-jersey-common-2.2.0.jar:/Users/anand.rai@konghq.com/.m2/repository/io/helidon/webclient/helidon-webclient-jaxrs/2.2.0/helidon-webclient-jaxrs-2.2.0.jar:/Users/anand.rai@konghq.com/.m2/repository/io/helidon/microprofile/openapi/helidon-microprofile-openapi/2.2.0/helidon-microprofile-openapi-2.2.0.jar:/Users/anand.rai@konghq.com/.m2/repository/io/helidon/openapi/helidon-openapi/2.2.0/helidon-openapi-2.2.0.jar:/Users/anand.rai@konghq.com/.m2/repository/io/smallrye/smallrye-open-api/1.2.0/smallrye-open-api-1.2.0.jar:/Users/anand.rai@konghq.com/.m2/repository/org/jboss/logging/jboss-logging/3.2.1.Final/jboss-logging-3.2.1.Final.jar:/Users/anand.rai@konghq.com/.m2/repository/org/jboss/jandex/2.1.1.Final/jandex-2.1.1.Final.jar:/Users/anand.rai@konghq.com/.m2/repository/org/eclipse/microprofile/openapi/microprofile-openapi-api/1.1.2/microprofile-openapi-api-1.1.2.jar:/Users/anand.rai@konghq.com/.m2/repository/io/helidon/microprofile/rest-client/helidon-microprofile-rest-client/2.2.0/helidon-microprofile-rest-client-2.2.0.jar:/Users/anand.rai@konghq.com/.m2/repository/io/helidon/common/helidon-common-context/2.2.0/helidon-common-context-2.2.0.jar:/Users/anand.rai@konghq.com/.m2/repository/io/helidon/jersey/helidon-jersey-client/2.2.0/helidon-jersey-client-2.2.0.jar:/Users/anand.rai@konghq.com/.m2/repository/org/glassfish/jersey/core/jersey-client/2.32/jersey-client-2.32.jar:/Users/anand.rai@konghq.com/.m2/repository/org/glassfish/jersey/inject/jersey-hk2/2.32/jersey-hk2-2.32.jar:/Users/anand.rai@konghq.com/.m2/repository/org/glassfish/hk2/hk2-locator/2.6.1/hk2-locator-2.6.1.jar:/Users/anand.rai@konghq.com/.m2/repository/org/glassfish/hk2/external/aopalliance-repackaged/2.6.1/aopalliance-repackaged-2.6.1.jar:/Users/anand.rai@konghq.com/.m2/repository/org/glassfish/hk2/hk2-api/2.6.1/hk2-api-2.6.1.jar:/Users/anand.rai@konghq.com/.m2/repository/org/glassfish/hk2/hk2-utils/2.6.1/hk2-utils-2.6.1.jar:/Users/anand.rai@konghq.com/.m2/repository/org/javassist/javassist/3.25.0-GA/javassist-3.25.0-GA.jar:/Users/anand.rai@konghq.com/.m2/repository/jakarta/inject/jakarta.inject-api/1.0/jakarta.inject-api-1.0.jar:/Users/anand.rai@konghq.com/.m2/repository/org/glassfish/jersey/ext/microprofile/jersey-mp-rest-client/2.32/jersey-mp-rest-client-2.32.jar:/Users/anand.rai@konghq.com/.m2/repository/io/helidon/microprofile/tracing/helidon-microprofile-tracing/2.2.0/helidon-microprofile-tracing-2.2.0.jar:/Users/anand.rai@konghq.com/.m2/repository/io/helidon/tracing/helidon-tracing-jersey/2.2.0/helidon-tracing-jersey-2.2.0.jar:/Users/anand.rai@konghq.com/.m2/repository/io/helidon/tracing/helidon-tracing-jersey-client/2.2.0/helidon-tracing-jersey-client-2.2.0.jar:/Users/anand.rai@konghq.com/.m2/repository/org/eclipse/microprofile/opentracing/microprofile-opentracing-api/1.3.3/microprofile-opentracing-api-1.3.3.jar:/Users/anand.rai@konghq.com/.m2/repository/io/helidon/tracing/helidon-tracing-tracer-resolver/2.2.0/helidon-tracing-tracer-resolver-2.2.0.jar:/Users/anand.rai@konghq.com/.m2/repository/io/opentracing/contrib/opentracing-tracerresolver/0.1.8/opentracing-tracerresolver-0.1.8.jar:/Users/anand.rai@konghq.com/.m2/repository/org/eclipse/microprofile/rest/client/microprofile-rest-client-api/1.4.1/microprofile-rest-client-api-1.4.1.jar:/Users/anand.rai@konghq.com/.m2/repository/jakarta/json/bind/jakarta.json.bind-api/1.0.2/jakarta.json.bind-api-1.0.2.jar:/Users/anand.rai@konghq.com/.m2/repository/org/eclipse/yasson/1.0.8/yasson-1.0.8.jar:/Users/anand.rai@konghq.com/.m2/repository/org/glassfish/jakarta.json/1.1.6/jakarta.json-1.1.6-module.jar:/Users/anand.rai@konghq.com/.m2/repository/io/helidon/tracing/helidon-tracing-jaeger/2.2.0/helidon-tracing-jaeger-2.2.0.jar:/Users/anand.rai@konghq.com/.m2/repository/io/jaegertracing/jaeger-client/1.1.0/jaeger-client-1.1.0.jar:/Users/anand.rai@konghq.com/.m2/repository/io/jaegertracing/jaeger-thrift/1.1.0/jaeger-thrift-1.1.0.jar:/Users/anand.rai@konghq.com/.m2/repository/org/apache/thrift/libthrift/0.13.0/libthrift-0.13.0.jar:/Users/anand.rai@konghq.com/.m2/repository/io/jaegertracing/jaeger-core/1.1.0/jaeger-core-1.1.0.jar:/Users/anand.rai@konghq.com/.m2/repository/com/google/code/gson/gson/2.8.6/gson-2.8.6.jar:/Users/anand.rai@konghq.com/.m2/repository/io/jaegertracing/jaeger-tracerresolver/1.1.0/jaeger-tracerresolver-1.1.0.jar:/Users/anand.rai@konghq.com/.m2/repository/com/squareup/okhttp3/okhttp/3.14.1/okhttp-3.14.1.jar:/Users/anand.rai@konghq.com/.m2/repository/com/squareup/okio/okio/1.17.2/okio-1.17.2.jar:/Users/anand.rai@konghq.com/.m2/repository/io/helidon/common/helidon-common/2.2.0/helidon-common-2.2.0.jar:/Users/anand.rai@konghq.com/.m2/repository/io/helidon/config/helidon-config/2.2.0/helidon-config-2.2.0.jar:/Users/anand.rai@konghq.com/.m2/repository/jakarta/annotation/jakarta.annotation-api/1.3.5/jakarta.annotation-api-1.3.5.jar:/Users/anand.rai@konghq.com/.m2/repository/io/helidon/common/helidon-common-reactive/2.2.0/helidon-common-reactive-2.2.0.jar:/Users/anand.rai@konghq.com/.m2/repository/io/helidon/common/helidon-common-mapper/2.2.0/helidon-common-mapper-2.2.0.jar:/Users/anand.rai@konghq.com/.m2/repository/io/helidon/common/helidon-common-media-type/2.2.0/helidon-common-media-type-2.2.0.jar:/Users/anand.rai@konghq.com/.m2/repository/io/helidon/tracing/helidon-tracing/2.2.0/helidon-tracing-2.2.0.jar:/Users/anand.rai@konghq.com/.m2/repository/io/helidon/common/helidon-common-service-loader/2.2.0/helidon-common-service-loader-2.2.0.jar:/Users/anand.rai@konghq.com/.m2/repository/io/opentracing/opentracing-util/0.33.0/opentracing-util-0.33.0.jar:/Users/anand.rai@konghq.com/.m2/repository/io/opentracing/opentracing-api/0.33.0/opentracing-api-0.33.0.jar:/Users/anand.rai@konghq.com/.m2/repository/io/opentracing/opentracing-noop/0.33.0/opentracing-noop-0.33.0.jar:/Users/anand.rai@konghq.com/.m2/repository/org/slf4j/slf4j-jdk14/1.7.30/slf4j-jdk14-1.7.30.jar:/Users/anand.rai@konghq.com/.m2/repository/org/slf4j/slf4j-api/1.7.30/slf4j-api-1.7.30.jar:/Users/anand.rai@konghq.com/.m2/repository/org/glassfish/jersey/media/jersey-media-json-binding/2.32/jersey-media-json-binding-2.32.jar:/Users/anand.rai@konghq.com/.m2/repository/org/glassfish/jersey/core/jersey-common/2.32/jersey-common-2.32.jar:/Users/anand.rai@konghq.com/.m2/repository/jakarta/ws/rs/jakarta.ws.rs-api/2.1.6/jakarta.ws.rs-api-2.1.6.jar:/Users/anand.rai@konghq.com/.m2/repository/org/glassfish/hk2/osgi-resource-locator/1.0.3/osgi-resource-locator-1.0.3.jar:/Users/anand.rai@konghq.com/.m2/repository/org/glassfish/jakarta.json/1.1.6/jakarta.json-1.1.6.jar:/Users/anand.rai@konghq.com/.m2/repository/org/projectlombok/lombok/1.18.22/lombok-1.18.22.jar:/Users/anand.rai@konghq.com/.m2/repository/jakarta/persistence/jakarta.persistence-api/2.2.3/jakarta.persistence-api-2.2.3.jar:/Users/anand.rai@konghq.com/.m2/repository/org/junit/jupiter/junit-jupiter-api/5.6.2/junit-jupiter-api-5.6.2.jar:/Users/anand.rai@konghq.com/.m2/repository/org/apiguardian/apiguardian-api/1.1.0/apiguardian-api-1.1.0.jar:/Users/anand.rai@konghq.com/.m2/repository/org/opentest4j/opentest4j/1.2.0/opentest4j-1.2.0.jar:/Users/anand.rai@konghq.com/.m2/repository/org/junit/platform/junit-platform-commons/1.6.2/junit-platform-commons-1.6.2.jar:/Users/anand.rai@konghq.com/.m2/repository/org/junit/jupiter/junit-jupiter-engine/5.6.2/junit-jupiter-engine-5.6.2.jar:/Users/anand.rai@konghq.com/.m2/repository/org/junit/platform/junit-platform-engine/1.6.2/junit-platform-engine-1.6.2.jar:/Users/anand.rai@konghq.com/.m2/repository/org/hamcrest/hamcrest/2.2/hamcrest-2.2.jar:/Users/anand.rai@konghq.com/.m2/repository/io/rest-assured/rest-assured/4.3.0/rest-assured-4.3.0.jar:/Users/anand.rai@konghq.com/.m2/repository/org/codehaus/groovy/groovy/3.0.2/groovy-3.0.2.jar:/Users/anand.rai@konghq.com/.m2/repository/org/codehaus/groovy/groovy-xml/3.0.2/groovy-xml-3.0.2.jar:/Users/anand.rai@konghq.com/.m2/repository/org/apache/httpcomponents/httpclient/4.5.13/httpclient-4.5.13.jar:/Users/anand.rai@konghq.com/.m2/repository/org/apache/httpcomponents/httpcore/4.4.13/httpcore-4.4.13.jar:/Users/anand.rai@konghq.com/.m2/repository/commons-logging/commons-logging/1.2/commons-logging-1.2.jar:/Users/anand.rai@konghq.com/.m2/repository/commons-codec/commons-codec/1.11/commons-codec-1.11.jar:/Users/anand.rai@konghq.com/.m2/repository/org/apache/httpcomponents/httpmime/4.5.3/httpmime-4.5.3.jar:/Users/anand.rai@konghq.com/.m2/repository/org/ccil/cowan/tagsoup/tagsoup/1.2.1/tagsoup-1.2.1.jar:/Users/anand.rai@konghq.com/.m2/repository/io/rest-assured/json-path/4.3.0/json-path-4.3.0.jar:/Users/anand.rai@konghq.com/.m2/repository/org/codehaus/groovy/groovy-json/3.0.2/groovy-json-3.0.2.jar:/Users/anand.rai@konghq.com/.m2/repository/io/rest-assured/rest-assured-common/4.3.0/rest-assured-common-4.3.0.jar:/Users/anand.rai@konghq.com/.m2/repository/io/rest-assured/xml-path/4.3.0/xml-path-4.3.0.jar:/Users/anand.rai@konghq.com/.m2/repository/org/apache/commons/commons-lang3/3.4/commons-lang3-3.4.jar:/Users/anand.rai@konghq.com/.m2/repository/jakarta/xml/bind/jakarta.xml.bind-api/2.3.3/jakarta.xml.bind-api-2.3.3.jar:/Users/anand.rai@konghq.com/.m2/repository/jakarta/activation/jakarta.activation-api/1.2.2/jakarta.activation-api-1.2.2.jar:/Users/anand.rai@konghq.com/.m2/repository/com/sun/xml/bind/jaxb-osgi/2.3.0.1/jaxb-osgi-2.3.0.1.jar:/Users/anand.rai@konghq.com/.m2/repository/org/apache/sling/org.apache.sling.javax.activation/0.1.0/org.apache.sling.javax.activation-0.1.0.jar:/Users/anand.rai@konghq.com/.m2/repository/javax/activation/activation/1.1.1/activation-1.1.1.jar:"/>
    <property name="sun.cpu.endian" value="little"/>
    <property name="user.home" value="/Users/anand.rai@konghq.com"/>
    <property name="user.language" value="en"/>
    <property name="java.specification.vendor" value="Oracle Corporation"/>
    <property name="java.version.date" value="2022-07-19"/>
    <property name="java.home" value="/opt/homebrew/Cellar/openjdk/18.0.2/libexec/openjdk.jdk/Contents/Home"/>
    <property name="file.separator" value="/"/>
    <property name="basedir" value="/Users/anand.rai@konghq.com/go/src/github.com/packtpublishing/bootstrap-service-mesh-implementations-with-istio/newcart/carts/carts-core"/>
    <property name="java.vm.compressedOopsMode" value="Zero based"/>
    <property name="line.separator" value="&#10;"/>
    <property name="java.specification.name" value="Java Platform API Specification"/>
    <property name="java.vm.specification.vendor" value="Oracle Corporation"/>
    <property name="apple.awt.application.name" value="ForkedBooter"/>
    <property name="surefire.real.class.path" value="/Users/anand.rai@konghq.com/go/src/github.com/packtpublishing/bootstrap-service-mesh-implementations-with-istio/newcart/carts/carts-core/target/surefire/surefirebooter5387630696149037857.jar"/>
    <property name="java.util.logging.config.file" value="/Users/anand.rai@konghq.com/go/src/github.com/packtpublishing/bootstrap-service-mesh-implementations-with-istio/newcart/carts/carts-core/target/classes/logging.properties"/>
    <property name="sun.management.compiler" value="HotSpot 64-Bit Tiered Compilers"/>
    <property name="java.runtime.version" value="18.0.2+0"/>
    <property name="user.name" value="anand.rai@konghq.com"/>
    <property name="path.separator" value=":"/>
    <property name="os.version" value="12.5"/>
    <property name="java.runtime.name" value="OpenJDK Runtime Environment"/>
    <property name="file.encoding" value="UTF-8"/>
    <property name="java.vm.name" value="OpenJDK 64-Bit Server VM"/>
    <property name="java.vendor.version" value="Homebrew"/>
    <property name="localRepository" value="/Users/anand.rai@konghq.com/.m2/repository"/>
    <property name="java.vendor.url.bug" value="https://github.com/Homebrew/homebrew-core/issues"/>
    <property name="java.io.tmpdir" value="/var/folders/l9/tcpt8z6x2zx4t9pc4mxq0j7m0000gn/T/"/>
    <property name="java.version" value="18.0.2"/>
    <property name="user.dir" value="/Users/anand.rai@konghq.com/go/src/github.com/packtpublishing/bootstrap-service-mesh-implementations-with-istio/newcart/carts/carts-core"/>
    <property name="os.arch" value="aarch64"/>
    <property name="java.vm.specification.name" value="Java Virtual Machine Specification"/>
    <property name="native.encoding" value="UTF-8"/>
    <property name="java.library.path" value="/Users/anand.rai@konghq.com/Library/Java/Extensions:/Library/Java/Extensions:/Network/Library/Java/Extensions:/System/Library/Java/Extensions:/usr/lib/java:."/>
    <property name="java.vm.info" value="mixed mode, sharing"/>
    <property name="java.vendor" value="Homebrew"/>
    <property name="java.vm.version" value="18.0.2+0"/>
    <property name="sun.io.unicode.encoding" value="UnicodeBig"/>
    <property name="java.class.version" value="62.0"/>
  </properties>
  <testcase name="testCartDeletion" classname="io.helidon.examples.sockshop.carts.DefaultCartRepositoryTest" time="0.01"/>
  <testcase name="testCartCreation" classname="io.helidon.examples.sockshop.carts.DefaultCartRepositoryTest" time="0"/>
  <testcase name="testItemAccess" classname="io.helidon.examples.sockshop.carts.DefaultCartRepositoryTest" time="0"/>
  <testcase name="testCartMerge" classname="io.helidon.examples.sockshop.carts.DefaultCartRepositoryTest" time="0.001"/>
</testsuite>